# JRE version: OpenJDK Runtime Environment (8.0_121-b13) (build 1.8.0_121-8u121-b13-0ubuntu1.16.04.2-b13)
# Java VM: OpenJDK 64-Bit Server VM (25.121-b13 mixed mode linux-amd64 compressed oops)
Heap:
 PSYoungGen      total 752640K, used 69425K [0x0000000791300000, 0x00000007c0000000, 0x00000007c0000000)
  eden space 739328K, 9% used [0x0000000791300000,0x00000007956cc7a8,0x00000007be500000)
  from space 13312K, 0% used [0x00000007bf300000,0x00000007bf300000,0x00000007c0000000)
  to   space 13824K, 0% used [0x00000007be500000,0x00000007be500000,0x00000007bf280000)
 ParOldGen       total 126976K, used 44553K [0x0000000733800000, 0x000000073b400000, 0x0000000791300000)
  object space 126976K, 35% used [0x0000000733800000,0x0000000736382558,0x000000073b400000)
 Metaspace       used 44152K, capacity 59513K, committed 59608K, reserved 1091584K
  class space    used 12034K, capacity 17323K, committed 17408K, reserved 1048576K
GC Heap History (10 events):
Event: 18.218 GC heap before
{Heap before GC invocations=11 (full 2):
 PSYoungGen      total 526848K, used 512512K [0x0000000791300000, 0x00000007b2300000, 0x00000007c0000000)
  eden space 512512K, 100% used [0x0000000791300000,0x00000007b0780000,0x00000007b0780000)
  from space 14336K, 0% used [0x00000007b1500000,0x00000007b1500000,0x00000007b2300000)
  to   space 13824K, 0% used [0x00000007b0780000,0x00000007b0780000,0x00000007b1500000)
 ParOldGen       total 88064K, used 25410K [0x0000000733800000, 0x0000000738e00000, 0x0000000791300000)
  object space 88064K, 28% used [0x0000000733800000,0x00000007350d0b50,0x0000000738e00000)
 Metaspace       used 32963K, capacity 41087K, committed 41216K, reserved 1079296K
  class space    used 8649K, capacity 11690K, committed 11776K, reserved 1048576K
Event: 18.249 GC heap after
Heap after GC invocations=11 (full 2):
 PSYoungGen      total 526336K, used 6755K [0x0000000791300000, 0x00000007bfe80000, 0x00000007c0000000)
  eden space 512512K, 0% used [0x0000000791300000,0x0000000791300000,0x00000007b0780000)
  from space 13824K, 48% used [0x00000007b0780000,0x00000007b0e18e88,0x00000007b1500000)
  to   space 13312K, 0% used [0x00000007bf180000,0x00000007bf180000,0x00000007bfe80000)
 ParOldGen       total 88064K, used 25418K [0x0000000733800000, 0x0000000738e00000, 0x0000000791300000)
  object space 88064K, 28% used [0x0000000733800000,0x00000007350d2b50,0x0000000738e00000)
 Metaspace       used 32963K, capacity 41087K, committed 41216K, reserved 1079296K
  class space    used 8649K, capacity 11690K, committed 11776K, reserved 1048576K
}
Event: 18.993 GC heap before
{Heap before GC invocations=12 (full 2):
 PSYoungGen      total 526336K, used 519267K [0x0000000791300000, 0x00000007bfe80000, 0x00000007c0000000)
  eden space 512512K, 100% used [0x0000000791300000,0x00000007b0780000,0x00000007b0780000)
  from space 13824K, 48% used [0x00000007b0780000,0x00000007b0e18e88,0x00000007b1500000)
  to   space 13312K, 0% used [0x00000007bf180000,0x00000007bf180000,0x00000007bfe80000)
 ParOldGen       total 88064K, used 25418K [0x0000000733800000, 0x0000000738e00000, 0x0000000791300000)
  object space 88064K, 28% used [0x0000000733800000,0x00000007350d2b50,0x0000000738e00000)
 Metaspace       used 33703K, capacity 42363K, committed 42624K, reserved 1079296K
  class space    used 8901K, capacity 12082K, committed 12160K, reserved 1048576K
Event: 19.007 GC heap after
Heap after GC invocations=12 (full 2):
 PSYoungGen      total 743424K, used 10397K [0x0000000791300000, 0x00000007bfc00000, 0x00000007c0000000)
  eden space 732672K, 0% used [0x0000000791300000,0x0000000791300000,0x00000007bde80000)
  from space 10752K, 96% used [0x00000007bf180000,0x00000007bfba74d0,0x00000007bfc00000)
  to   space 13824K, 0% used [0x00000007be100000,0x00000007be100000,0x00000007bee80000)
 ParOldGen       total 88064K, used 25426K [0x0000000733800000, 0x0000000738e00000, 0x0000000791300000)
  object space 88064K, 28% used [0x0000000733800000,0x00000007350d4b50,0x0000000738e00000)
 Metaspace       used 33703K, capacity 42363K, committed 42624K, reserved 1079296K
  class space    used 8901K, capacity 12082K, committed 12160K, reserved 1048576K
}
Event: 21.840 GC heap before
{Heap before GC invocations=13 (full 2):
 PSYoungGen      total 743424K, used 743069K [0x0000000791300000, 0x00000007bfc00000, 0x00000007c0000000)
  eden space 732672K, 100% used [0x0000000791300000,0x00000007bde80000,0x00000007bde80000)
  from space 10752K, 96% used [0x00000007bf180000,0x00000007bfba74d0,0x00000007bfc00000)
  to   space 13824K, 0% used [0x00000007be100000,0x00000007be100000,0x00000007bee80000)
 ParOldGen       total 88064K, used 25426K [0x0000000733800000, 0x0000000738e00000, 0x0000000791300000)
  object space 88064K, 28% used [0x0000000733800000,0x00000007350d4b50,0x0000000738e00000)
 Metaspace       used 39676K, capacity 52369K, committed 52480K, reserved 1087488K
  class space    used 10691K, capacity 15006K, committed 15104K, reserved 1048576K
Event: 21.863 GC heap after
Heap after GC invocations=13 (full 2):
 PSYoungGen      total 749056K, used 7389K [0x0000000791300000, 0x00000007c0000000, 0x00000007c0000000)
  eden space 735232K, 0% used [0x0000000791300000,0x0000000791300000,0x00000007be100000)
  from space 13824K, 53% used [0x00000007be100000,0x00000007be8374d0,0x00000007bee80000)
  to   space 13312K, 0% used [0x00000007bf300000,0x00000007bf300000,0x00000007c0000000)
 ParOldGen       total 88064K, used 35537K [0x0000000733800000, 0x0000000738e00000, 0x0000000791300000)
  object space 88064K, 40% used [0x0000000733800000,0x0000000735ab4580,0x0000000738e00000)
 Metaspace       used 39676K, capacity 52369K, committed 52480K, reserved 1087488K
  class space    used 10691K, capacity 15006K, committed 15104K, reserved 1048576K
}
Event: 23.395 GC heap before
{Heap before GC invocations=14 (full 2):
 PSYoungGen      total 749056K, used 211056K [0x0000000791300000, 0x00000007c0000000, 0x00000007c0000000)
  eden space 735232K, 27% used [0x0000000791300000,0x000000079d9e4cf0,0x00000007be100000)
  from space 13824K, 53% used [0x00000007be100000,0x00000007be8374d0,0x00000007bee80000)
  to   space 13312K, 0% used [0x00000007bf300000,0x00000007bf300000,0x00000007c0000000)
 ParOldGen       total 88064K, used 35537K [0x0000000733800000, 0x0000000738e00000, 0x0000000791300000)
  object space 88064K, 40% used [0x0000000733800000,0x0000000735ab4580,0x0000000738e00000)
 Metaspace       used 43704K, capacity 58993K, committed 59096K, reserved 1091584K
  class space    used 11927K, capacity 17152K, committed 17152K, reserved 1048576K
Event: 23.412 GC heap after
Heap after GC invocations=14 (full 2):
 PSYoungGen      total 752640K, used 3184K [0x0000000791300000, 0x00000007c0000000, 0x00000007c0000000)
  eden space 739328K, 0% used [0x0000000791300000,0x0000000791300000,0x00000007be500000)
  from space 13312K, 23% used [0x00000007bf300000,0x00000007bf61c030,0x00000007c0000000)
  to   space 13824K, 0% used [0x00000007be500000,0x00000007be500000,0x00000007bf280000)
 ParOldGen       total 88064K, used 42599K [0x0000000733800000, 0x0000000738e00000, 0x0000000791300000)
  object space 88064K, 48% used [0x0000000733800000,0x0000000736199dd0,0x0000000738e00000)
 Metaspace       used 43704K, capacity 58993K, committed 59096K, reserved 1091584K
  class space    used 11927K, capacity 17152K, committed 17152K, reserved 1048576K
}
Event: 23.412 GC heap before
{Heap before GC invocations=15 (full 3):
 PSYoungGen      total 752640K, used 3184K [0x0000000791300000, 0x00000007c0000000, 0x00000007c0000000)
  eden space 739328K, 0% used [0x0000000791300000,0x0000000791300000,0x00000007be500000)
  from space 13312K, 23% used [0x00000007bf300000,0x00000007bf61c030,0x00000007c0000000)
  to   space 13824K, 0% used [0x00000007be500000,0x00000007be500000,0x00000007bf280000)
 ParOldGen       total 88064K, used 42599K [0x0000000733800000, 0x0000000738e00000, 0x0000000791300000)
  object space 88064K, 48% used [0x0000000733800000,0x0000000736199dd0,0x0000000738e00000)
 Metaspace       used 43704K, capacity 58993K, committed 59096K, reserved 1091584K
  class space    used 11927K, capacity 17152K, committed 17152K, reserved 1048576K
Event: 23.910 GC heap after
Heap after GC invocations=15 (full 3):
 PSYoungGen      total 752640K, used 0K [0x0000000791300000, 0x00000007c0000000, 0x00000007c0000000)
  eden space 739328K, 0% used [0x0000000791300000,0x0000000791300000,0x00000007be500000)
  from space 13312K, 0% used [0x00000007bf300000,0x00000007bf300000,0x00000007c0000000)
  to   space 13824K, 0% used [0x00000007be500000,0x00000007be500000,0x00000007bf280000)
 ParOldGen       total 126976K, used 44553K [0x0000000733800000, 0x000000073b400000, 0x0000000791300000)
  object space 126976K, 35% used [0x0000000733800000,0x0000000736382558,0x000000073b400000)
 Metaspace       used 43704K, capacity 58993K, committed 59096K, reserved 1091584K
  class space    used 11927K, capacity 17152K, committed 17152K, reserved 1048576K
}

